<?xml version="1.0" encoding="UTF-8"?>
<!-- Generated by org.testng.reporters.JUnitReportReporter -->
<testsuite hostname="Tennetis-MacBook-Pro.local" failures="0" tests="3" name="Runner.TestNgRunner" time="28.196" errors="0" timestamp="2024-03-21T10:24:00 IST" skipped="0">
  <testcase classname="Runner.TestNgRunner" name="runScenario" time="8.052"/>
  <testcase classname="Runner.TestNgRunner" name="runScenario" time="12.045"/>
  <testcase classname="Runner.TestNgRunner" name="runScenario" time="8.099"/>
</testsuite> <!-- Runner.TestNgRunner -->
