<?xml version="1.0" encoding="UTF-8"?>
<testsuite xmlns:xsi="http://www.w3.org/2001/XMLSchema-instance" xsi:noNamespaceSchemaLocation="https://maven.apache.org/surefire/maven-surefire-plugin/xsd/surefire-test-report.xsd" name="Runner.TestNgRunner" time="18.005" tests="3" errors="0" skipped="0" failures="0">
  <properties>
    <property name="PATH" value="/Users/tennetikiran/Library/Java/JavaVirtualMachines/corretto-11.0.21/Contents/Home/bin:/usr/bin:/bin:/usr/sbin:/sbin"/>
    <property name="awt.toolkit" value="sun.lwawt.macosx.LWCToolkit"/>
    <property name="java.specification.version" value="11"/>
    <property name="RUN_DISPLAY_URL" value="http://localhost:8080/job/LoginProject/17/display/redirect"/>
    <property name="HUDSON_HOME" value="/Users/tennetikiran/.jenkins"/>
    <property name="sun.cpu.isalist" value=""/>
    <property name="RUN_CHANGES_DISPLAY_URL" value="http://localhost:8080/job/LoginProject/17/display/redirect?page=changes"/>
    <property name="sun.jnu.encoding" value="UTF-8"/>
    <property name="sun.arch.data.model" value="64"/>
    <property name="sun.font.fontmanager" value="sun.font.CFontManager"/>
    <property name="java.vendor.url" value="https://aws.amazon.com/corretto/"/>
    <property name="JENKINS_SERVER_COOKIE" value="42ea2953a488e342"/>
    <property name="JENKINS_URL" value="http://localhost:8080/"/>
    <property name="sun.boot.library.path" value="/Users/tennetikiran/Library/Java/JavaVirtualMachines/corretto-11.0.21/Contents/Home/lib"/>
    <property name="sun.java.command" value="jenkins.maven3.agent.Maven35Main /Users/tennetikiran/.jenkins/tools/hudson.tasks.Maven_MavenInstallation/maven3.9 /Users/tennetikiran/.jenkins/war/WEB-INF/lib/remoting-3206.vb_15dcf73f6a_9.jar /Users/tennetikiran/.jenkins/plugins/maven-plugin/WEB-INF/lib/maven35-interceptor-1.14.jar /Users/tennetikiran/.jenkins/plugins/maven-plugin/WEB-INF/lib/maven3-interceptor-commons-1.14.jar 61803"/>
    <property name="maven.home" value="/Users/tennetikiran/.jenkins/tools/hudson.tasks.Maven_MavenInstallation/maven3.9"/>
    <property name="jdk.debug" value="release"/>
    <property name="POM_GROUPID" value="org.example"/>
    <property name="java.specification.vendor" value="Oracle Corporation"/>
    <property name="jansi.mode" value="strip"/>
    <property name="java.version.date" value="2023-10-17"/>
    <property name="java.home" value="/Users/tennetikiran/Library/Java/JavaVirtualMachines/corretto-11.0.21/Contents/Home"/>
    <property name="JENKINS_HOME" value="/Users/tennetikiran/.jenkins"/>
    <property name="file.separator" value="/"/>
    <property name="java.vm.compressedOopsMode" value="Zero based"/>
    <property name="line.separator" value="&#10;"/>
    <property name="NODE_NAME" value="built-in"/>
    <property name="XPC_FLAGS" value="0x0"/>
    <property name="java.specification.name" value="Java Platform API Specification"/>
    <property name="java.vm.specification.vendor" value="Oracle Corporation"/>
    <property name="BUILD_DISPLAY_NAME" value="#17"/>
    <property name="maven3.interceptor" value="/Users/tennetikiran/.jenkins/plugins/maven-plugin/WEB-INF/lib/maven35-interceptor-1.14.jar"/>
    <property name="PATH+MAVEN" value="/Users/tennetikiran/.jenkins/tools/hudson.tasks.Maven_MavenInstallation/maven3.9/bin"/>
    <property name="maven3.interceptor.common" value="/Users/tennetikiran/.jenkins/plugins/maven-plugin/WEB-INF/lib/maven3-interceptor-commons-1.14.jar"/>
    <property name="WORKSPACE_TMP" value="/Users/tennetikiran/.jenkins/workspace/LoginProject@tmp"/>
    <property name="sun.management.compiler" value="HotSpot 64-Bit Tiered Compilers"/>
    <property name="java.runtime.version" value="11.0.21+9-LTS"/>
    <property name="JAVA_HOME" value="/Users/tennetikiran/Library/Java/JavaVirtualMachines/corretto-11.0.21/Contents/Home"/>
    <property name="user.name" value="tennetikiran"/>
    <property name="POM_ARTIFACTID" value="CucumberMaven"/>
    <property name="file.encoding" value="UTF-8"/>
    <property name="guice.disable.misplaced.annotation.check" value="true"/>
    <property name="HUDSON_URL" value="http://localhost:8080/"/>
    <property name="WORKSPACE" value="/Users/tennetikiran/.jenkins/workspace/LoginProject"/>
    <property name="java.vendor.version" value="Corretto-11.0.21.9.1"/>
    <property name="java.io.tmpdir" value="/var/folders/dt/k_2k22w130n1csmvd_jj4y200000gn/T/"/>
    <property name="java.version" value="11.0.21"/>
    <property name="CI" value="true"/>
    <property name="java.vm.specification.name" value="Java Virtual Machine Specification"/>
    <property name="java.awt.printerjob" value="sun.lwawt.macosx.CPrinterJob"/>
    <property name="JOB_BASE_NAME" value="LoginProject"/>
    <property name="sun.os.patch.level" value="unknown"/>
    <property name="org.slf4j.simpleLogger.defaultLogLevel" value="info"/>
    <property name="java.library.path" value="/Users/tennetikiran/Library/Java/Extensions:/Library/Java/Extensions:/Network/Library/Java/Extensions:/System/Library/Java/Extensions:/usr/lib/java:."/>
    <property name="BUILD_NUMBER" value="17"/>
    <property name="java.vendor" value="Amazon.com Inc."/>
    <property name="BUILD_URL" value="http://localhost:8080/job/LoginProject/17/"/>
    <property name="RUN_ARTIFACTS_DISPLAY_URL" value="http://localhost:8080/job/LoginProject/17/display/redirect?page=artifacts"/>
    <property name="java.specification.maintenance.version" value="2"/>
    <property name="sun.io.unicode.encoding" value="UnicodeBig"/>
    <property name="POM_DISPLAYNAME" value="CucumberMaven"/>
    <property name="socksNonProxyHosts" value="local|*.local|169.254/16|*.169.254/16"/>
    <property name="gopherProxySet" value="false"/>
    <property name="JOB_URL" value="http://localhost:8080/job/LoginProject/"/>
    <property name="java.class.path" value="/Users/tennetikiran/.jenkins/plugins/maven-plugin/WEB-INF/lib/maven35-agent-1.14.jar:/Users/tennetikiran/.jenkins/tools/hudson.tasks.Maven_MavenInstallation/maven3.9/boot/plexus-classworlds-2.7.0.jar:/Users/tennetikiran/.jenkins/tools/hudson.tasks.Maven_MavenInstallation/maven3.9/conf/logging"/>
    <property name="java.vm.vendor" value="Amazon.com Inc."/>
    <property name="MAVEN_HOME" value="/Users/tennetikiran/.jenkins/tools/hudson.tasks.Maven_MavenInstallation/maven3.9"/>
    <property name="user.timezone" value="Asia/Kolkata"/>
    <property name="maven.conf" value="/Users/tennetikiran/.jenkins/tools/hudson.tasks.Maven_MavenInstallation/maven3.9/conf"/>
    <property name="os.name" value="Mac OS X"/>
    <property name="java.vm.specification.version" value="11"/>
    <property name="LOGNAME" value="tennetikiran"/>
    <property name="RUN_TESTS_DISPLAY_URL" value="http://localhost:8080/job/LoginProject/17/display/redirect?page=tests"/>
    <property name="user.country" value="IN"/>
    <property name="sun.java.launcher" value="SUN_STANDARD"/>
    <property name="POM_VERSION" value="1.0-SNAPSHOT"/>
    <property name="http.nonProxyHosts" value="local|*.local|169.254/16|*.169.254/16"/>
    <property name="BUILD_TAG" value="jenkins-LoginProject-17"/>
    <property name="SHELL" value="/bin/zsh"/>
    <property name="sun.cpu.endian" value="little"/>
    <property name="user.home" value="/Users/tennetikiran"/>
    <property name="user.language" value="en"/>
    <property name="TMPDIR" value="/var/folders/dt/k_2k22w130n1csmvd_jj4y200000gn/T/"/>
    <property name="java.awt.graphicsenv" value="sun.awt.CGraphicsEnvironment"/>
    <property name="JOB_DISPLAY_URL" value="http://localhost:8080/job/LoginProject/display/redirect"/>
    <property name="M2_HOME" value="/Users/tennetikiran/.jenkins/tools/hudson.tasks.Maven_MavenInstallation/maven3.9"/>
    <property name="__CF_USER_TEXT_ENCODING" value="0x1F5:0x0:0x0"/>
    <property name="POM_PACKAGING" value="jar"/>
    <property name="ftp.nonProxyHosts" value="local|*.local|169.254/16|*.169.254/16"/>
    <property name="path.separator" value=":"/>
    <property name="BUILD_ID" value="17"/>
    <property name="os.version" value="14.3.1"/>
    <property name="JOB_NAME" value="LoginProject"/>
    <property name="java.runtime.name" value="OpenJDK Runtime Environment"/>
    <property name="NODE_LABELS" value="built-in"/>
    <property name="java.vm.name" value="OpenJDK 64-Bit Server VM"/>
    <property name="XPC_SERVICE_NAME" value="homebrew.mxcl.jenkins-lts"/>
    <property name="PATH+JDK" value="/Users/tennetikiran/Library/Java/JavaVirtualMachines/corretto-11.0.21/Contents/Home/bin"/>
    <property name="java.vendor.url.bug" value="https://github.com/corretto/corretto-11/issues/"/>
    <property name="user.dir" value="/Users/tennetikiran/IdeaProjects/LoginProject"/>
    <property name="os.arch" value="x86_64"/>
    <property name="EXECUTOR_NUMBER" value="1"/>
    <property name="HUDSON_SERVER_COOKIE" value="42ea2953a488e342"/>
    <property name="USER" value="tennetikiran"/>
    <property name="CLASSPATH" value=""/>
    <property name="SSH_AUTH_SOCK" value="/private/tmp/com.apple.launchd.edd6uvYG6h/Listeners"/>
    <property name="java.vm.info" value="mixed mode"/>
    <property name="java.vm.version" value="11.0.21+9-LTS"/>
    <property name="java.class.version" value="55.0"/>
    <property name="HOME" value="/Users/tennetikiran"/>
  </properties>
  <testcase name="runScenario" classname="Runner.TestNgRunner" time="8.054"/>
  <testcase name="runScenario" classname="Runner.TestNgRunner" time="8.099"/>
  <testcase name="runScenario" classname="Runner.TestNgRunner" time="12.045"/>
</testsuite>